<?xml version="1.0" encoding="UTF-8"?>
<!-- Generated by org.testng.reporters.JUnitXMLReporter -->
<testsuite ignored="0" hostname="Lenovo-v110" failures="0" tests="2" name="Default test" time="0.176" errors="0" timestamp="2022-10-25T19:40:07 IST">
  <testcase classname="testPack.ToVerifyContactUsPageTestNg" name="@BeforeTest launchBrowser" time="-1.666707007143E9">
    <failure type="org.testng.TestNGException" message="
Parameter &amp;apos;browser&amp;apos; is required by BeforeTest on method launchBrowser but has not been marked @Optional or defined
in C:\Users\PC\AppData\Local\Temp\testng-eclipse-1871570334\testng-customsuite.xml">
      <![CDATA[org.testng.TestNGException: 
Parameter 'browser' is required by BeforeTest on method launchBrowser but has not been marked @Optional or defined
in C:\Users\PC\AppData\Local\Temp\testng-eclipse-1871570334\testng-customsuite.xml
at org.testng.internal.Parameters.createParams(Parameters.java:270)
at org.testng.internal.Parameters.createParametersForMethod(Parameters.java:358)
at org.testng.internal.Parameters.createParameters(Parameters.java:700)
at org.testng.internal.Parameters.createConfigurationParameters(Parameters.java:168)
at org.testng.internal.ConfigInvoker.invokeConfigurations(ConfigInvoker.java:302)
at org.testng.TestRunner.invokeTestConfigurations(TestRunner.java:637)
at org.testng.TestRunner.beforeRun(TestRunner.java:627)
at org.testng.TestRunner.run(TestRunner.java:589)
at org.testng.SuiteRunner.runTest(SuiteRunner.java:377)
at org.testng.SuiteRunner.runSequentially(SuiteRunner.java:371)
at org.testng.SuiteRunner.privateRun(SuiteRunner.java:332)
at org.testng.SuiteRunner.run(SuiteRunner.java:276)
at org.testng.SuiteRunnerWorker.runSuite(SuiteRunnerWorker.java:53)
at org.testng.SuiteRunnerWorker.run(SuiteRunnerWorker.java:96)
at org.testng.TestNG.runSuitesSequentially(TestNG.java:1212)
at org.testng.TestNG.runSuitesLocally(TestNG.java:1134)
at org.testng.TestNG.runSuites(TestNG.java:1063)
at org.testng.TestNG.run(TestNG.java:1031)
at org.testng.remote.AbstractRemoteTestNG.run(AbstractRemoteTestNG.java:115)
at org.testng.remote.RemoteTestNG.initAndRun(RemoteTestNG.java:251)
at org.testng.remote.RemoteTestNG.main(RemoteTestNG.java:77)
]]>
    </failure>
  </testcase> <!-- @BeforeTest launchBrowser -->
  <testcase classname="testPack.ToVerifyContactUsPageTestNg" name="@BeforeClass creatPOMObjects" time="-1.666707007231E9">
    <skipped/>
  </testcase> <!-- @BeforeClass creatPOMObjects -->
  <testcase classname="testPack.ToVerifyContactUsPageTestNg" name="@BeforeMethod contactWiki" time="-1.666707007273E9">
    <skipped/>
  </testcase> <!-- @BeforeMethod contactWiki -->
  <testcase classname="testPack.ToVerifyContactUsPageTestNg" name="@AfterMethod logOutFromApplication" time="-1.666707007284E9">
    <skipped/>
  </testcase> <!-- @AfterMethod logOutFromApplication -->
  <testcase classname="testPack.ToVerifyContactUsPageTestNg" name="@BeforeMethod contactWiki" time="-1.66670700729E9">
    <skipped/>
  </testcase> <!-- @BeforeMethod contactWiki -->
  <testcase classname="testPack.ToVerifyContactUsPageTestNg" name="@AfterMethod logOutFromApplication" time="-1.666707007297E9">
    <skipped/>
  </testcase> <!-- @AfterMethod logOutFromApplication -->
  <testcase classname="testPack.ToVerifyContactUsPageTestNg" name="@AfterClass clearObject" time="-1.6667070073E9">
    <skipped/>
  </testcase> <!-- @AfterClass clearObject -->
  <testcase classname="testPack.ToVerifyContactUsPageTestNg" name="@AfterTest closeBrowser" time="-1.666707007305E9">
    <skipped/>
  </testcase> <!-- @AfterTest closeBrowser -->
  <testcase classname="testPack.ToVerifyContactUsPageTestNg" name="verifyLicensing" time="0.0">
    <skipped/>
  </testcase> <!-- verifyLicensing -->
  <testcase classname="testPack.ToVerifyContactUsPageTestNg" name="verifyReadersButton" time="0.0">
    <skipped/>
  </testcase> <!-- verifyReadersButton -->
</testsuite> <!-- Default test -->
